  Source.cpp
L:\CMP 201 Coursework\C++ files\pathfind\Pathfinding\Pathfinding\Source.cpp(122,23): warning C4244: 'argument': conversion from '_Rep' to 'const _Ty', possible loss of data
L:\CMP 201 Coursework\C++ files\pathfind\Pathfinding\Pathfinding\Source.cpp(122,23): warning C4244:         with
L:\CMP 201 Coursework\C++ files\pathfind\Pathfinding\Pathfinding\Source.cpp(122,23): warning C4244:         [
L:\CMP 201 Coursework\C++ files\pathfind\Pathfinding\Pathfinding\Source.cpp(122,23): warning C4244:             _Rep=__int64
L:\CMP 201 Coursework\C++ files\pathfind\Pathfinding\Pathfinding\Source.cpp(122,23): warning C4244:         ]
L:\CMP 201 Coursework\C++ files\pathfind\Pathfinding\Pathfinding\Source.cpp(122,23): warning C4244:         and
L:\CMP 201 Coursework\C++ files\pathfind\Pathfinding\Pathfinding\Source.cpp(122,23): warning C4244:         [
L:\CMP 201 Coursework\C++ files\pathfind\Pathfinding\Pathfinding\Source.cpp(122,23): warning C4244:             _Ty=float
L:\CMP 201 Coursework\C++ files\pathfind\Pathfinding\Pathfinding\Source.cpp(122,23): warning C4244:         ]
L:\CMP 201 Coursework\C++ files\pathfind\Pathfinding\Pathfinding\Source.cpp(141,25): warning C4244: 'argument': conversion from '_Rep' to 'const _Ty', possible loss of data
L:\CMP 201 Coursework\C++ files\pathfind\Pathfinding\Pathfinding\Source.cpp(141,25): warning C4244:         with
L:\CMP 201 Coursework\C++ files\pathfind\Pathfinding\Pathfinding\Source.cpp(141,25): warning C4244:         [
L:\CMP 201 Coursework\C++ files\pathfind\Pathfinding\Pathfinding\Source.cpp(141,25): warning C4244:             _Rep=__int64
L:\CMP 201 Coursework\C++ files\pathfind\Pathfinding\Pathfinding\Source.cpp(141,25): warning C4244:         ]
L:\CMP 201 Coursework\C++ files\pathfind\Pathfinding\Pathfinding\Source.cpp(141,25): warning C4244:         and
L:\CMP 201 Coursework\C++ files\pathfind\Pathfinding\Pathfinding\Source.cpp(141,25): warning C4244:         [
L:\CMP 201 Coursework\C++ files\pathfind\Pathfinding\Pathfinding\Source.cpp(141,25): warning C4244:             _Ty=float
L:\CMP 201 Coursework\C++ files\pathfind\Pathfinding\Pathfinding\Source.cpp(141,25): warning C4244:         ]
L:\CMP 201 Coursework\C++ files\pathfind\Pathfinding\Pathfinding\Source.cpp(229,12): warning C4244: 'argument': conversion from 'time_t' to 'unsigned int', possible loss of data
  Generating code
  22 of 317 functions ( 6.9%) were compiled, the rest were copied from previous compilation.
    0 functions were new in current compilation
    0 functions had inline decision re-evaluated but remain unchanged
  Finished generating code
  Pathfinding.vcxproj -> L:\CMP 201 Coursework\C++ files\pathfind\Pathfinding\Release\Pathfinding.exe
